# Preference setting overrides
gui_create_pref_key -category {Globals} -key {load_detail_for_funcov} -value_type {bool} -value {false}

# State setting overrides
gui_state_default_create -off -ini
gui_set_state_value -category Layout -key child_console_size_x -value 1653
gui_set_state_value -category Layout -key child_console_size_y -value 313
gui_set_state_value -category Layout -key child_data_size_x -value 153
gui_set_state_value -category Layout -key child_data_size_y -value 522
gui_set_state_value -category Layout -key child_driver_size_x -value 1119
gui_set_state_value -category Layout -key child_driver_size_y -value 179
gui_set_state_value -category Layout -key child_hier_col3 -value {-1}
gui_set_state_value -category Layout -key child_hier_colhier -value 142
gui_set_state_value -category Layout -key child_hier_colpd -value 0
gui_set_state_value -category Layout -key child_hier_size_x -value 197
gui_set_state_value -category Layout -key child_hier_size_y -value 522
gui_set_state_value -category Layout -key child_source_docknewline -value false
gui_set_state_value -category Layout -key child_source_pos_x -value {-2}
gui_set_state_value -category Layout -key child_source_pos_y -value {-17}
gui_set_state_value -category Layout -key child_source_size_x -value 1306
gui_set_state_value -category Layout -key child_source_size_y -value 518
gui_set_state_value -category Layout -key child_wave_colname -value 248
gui_set_state_value -category Layout -key child_wave_colvalue -value 248
gui_set_state_value -category Layout -key child_wave_left -value 500
gui_set_state_value -category Layout -key child_wave_right -value 1221
gui_set_state_value -category Layout -key main_pos_x -value 1853
gui_set_state_value -category Layout -key main_pos_y -value 80
gui_set_state_value -category Layout -key main_size_x -value 3506
gui_set_state_value -category Layout -key main_size_y -value 1029
gui_set_state_value -category Layout -key stand_source_child_docknewline -value false
gui_set_state_value -category Layout -key stand_source_child_pos_x -value {-2}
gui_set_state_value -category Layout -key stand_source_child_pos_y -value {-17}
gui_set_state_value -category Layout -key stand_source_child_size_x -value 1124
gui_set_state_value -category Layout -key stand_source_child_size_y -value 358
gui_set_state_value -category Layout -key stand_wave_child_docknewline -value false
gui_set_state_value -category Layout -key stand_wave_child_pos_x -value {-2}
gui_set_state_value -category Layout -key stand_wave_child_pos_y -value {-17}
gui_set_state_value -category Layout -key stand_wave_child_size_x -value 1731
gui_set_state_value -category Layout -key stand_wave_child_size_y -value 867
gui_set_state_value -category Layout -key stand_wave_top_pos_x -value 1877
gui_set_state_value -category Layout -key stand_wave_top_pos_y -value 91
gui_set_state_value -category Layout -key stand_wave_top_size_x -value 3603
gui_set_state_value -category Layout -key stand_wave_top_size_y -value 1076
gui_create_state_key -category FindDialog -key m_pMatchCase -value_type bool -value false
gui_create_state_key -category FindDialog -key m_pMatchWord -value_type bool -value false
gui_create_state_key -category FindDialog -key m_pUseCombo -value_type string -value {}
gui_create_state_key -category FindDialog -key m_pWrapAround -value_type bool -value true
gui_create_state_key -category SearchDialog -key MatchCase -value_type bool -value false
gui_create_state_key -category SearchDialog -key MatchWord -value_type bool -value true
gui_create_state_key -category SearchDialog -key SearchMode -value_type string -value Wildcards
gui_create_state_key -category SearchDialog -key UseCombo -value_type bool -value true
gui_create_state_key -category Widget_History -key TopLevel.2|EkTopVbox|wndWorkspace|qt_workspacechild2|Wave.1|left|filterVBox|controlHBox|unnamed -value_type string -value *reset
gui_create_state_key -category Widget_History -key TopLevel.2|EkTopVbox|wndWorkspace|qt_workspacechild3|Wave.1|left|filterVBox|controlHBox|unnamed -value_type string -value {*serve *start}
gui_create_state_key -category Widget_History -key {dlgSimSetup|m_setupTab|tab pages|BuildTab|m_rebuildBtnGroup|m_customCmdCombo} -value_type string -value {{vcs -q -sverilog -debug library.sv breakout.sv breakout_tb.sv} {vcs -q -sverilog -debug *.sv} {vcs -q -sverilog -debug vga.sv library.sv} {vcs -q -sverilog -debug vcs.sv library.sv} {vcs -sverilog vga.sv library.sv}}
gui_create_state_key -category Widget_History -key {dlgSimSetup|m_setupTab|tab pages|SimTab|m_VPDCombo} -value_type string -value inter.vpd
gui_create_state_key -category Widget_History -key {dlgSimSetup|m_setupTab|tab pages|SimTab|m_argsCombo} -value_type string -value {{-ucligui } {-sverilog library.sv task2.sv -q -debug}}
gui_create_state_key -category Widget_History -key {dlgSimSetup|m_setupTab|tab pages|SimTab|m_curDirCombo} -value_type string -value {/afs/andrew.cmu.edu/usr16/yiuchunt/private/class/18-240/Lab5/lab6 /afs/andrew.cmu.edu/usr16/yiuchunt/private/class/18-240/Lab5 /afs/andrew.cmu.edu/usr16/yiuchunt/private/class/18-240/Lab4}
gui_create_state_key -category Widget_History -key {dlgSimSetup|m_setupTab|tab pages|SimTab|m_exeCombo} -value_type string -value {/afs/andrew.cmu.edu/usr16/yiuchunt/private/class/18-240/Lab5/lab6/simv ./simv /afs/andrew.cmu.edu/usr16/yiuchunt/private/class/18-240/Lab5/simv /afs/andrew.cmu.edu/usr16/yiuchunt/private/class/18-240/Lab4/simv}
gui_state_default_create -off

# Begin command logging
gui_sim_run Ucli -exe ./simv -args {-ucligui  } -dir .
gui_open_window Wave
gui_list_add -id Wave.1 -from Hier.1 { hw1 } -insertionbar
gui_sim_continue  
gui_marker_select -id  Wave.1 { C1 }
gui_marker_move -id  Wave.1 C1 0
gui_marker_move -id  Wave.1 C1 2
gui_zoom -window Wave.1 -factor 2
gui_zoom -window Wave.1 -factor 2
gui_zoom -window Wave.1 -factor 2
gui_zoom -window Wave.1 -factor 2
gui_zoom -window Wave.1 -factor 2
gui_zoom -window Wave.1 -factor 2
gui_zoom -window Wave.1 -factor 2
gui_zoom -window Wave.1 -factor 2
gui_zoom -window Wave.1 -factor 2
gui_zoom -window Wave.1 -factor 2
gui_zoom -window Wave.1 -factor 0.5
gui_sim_restart
gui_sim_continue  
