18:48:35    58 --> ...                                  [tcl] ucliGUI::start /afs/andrew.cmu.edu/usr16/yiuchunt/private/18-341/hw1/simv -ucligui 
18:48:35    59 --> ...                                      [tcl] set ucliGUI::state
18:48:35    60 --> ...                                          [tcl] gui_update_simulator_buttons
18:48:36    61 --> ...                                              [tcl] set ucliGUI::state
18:48:36    62 --> ...                                                  [tcl] ucliCore::getToolPID
18:48:36    63 --> ...                                                      [tcl] synopsys::env hasTB
18:48:36    64 --> ...                                                          [tcl] trigger_hier_stack_context_switch 0
18:48:36    65 --> ...                                                              [tcl] synUtils::setDVEInitPhase 1
18:48:36    66 --> ...                                                                  [tcl] gui_get_env SIMSETUP::SIMVPD
18:48:36    67 --> ...                                                                      [tcl] synopsys::dump -type VPD -file /afs/andrew.cmu.edu/usr16/yiuchunt/private/18-341/hw1/inter.vpd -locking
18:48:36    68 --> ...                                                                          [tcl] synopsys::dump -autoflush on -fid VPD1
18:48:36    69 --> ...                                                                              [tcl] set ::dve_fid VPD1
18:48:36    70 --> ...                                                                                  [tcl] synUtils::setDVEInitPhase 0
18:48:36    71 --> ...                                                                                      [tcl] ucliCore::getToolPID
18:48:36    72 --> ...                                                                                          [tcl] synUtils::sendTool -active _icl_setToolSocket /tmp/smlnp9ZcbjO
18:48:36    73 --> ...                                                                                              [tcl] synUtils::sendTool -active {_icl_start_rpc -version "T-2022.06_Full64" -sync_file /tmp/vcs_dve_rpc.yiuchunt.12186}
18:48:37    74 --> ...                                                                                                  [tcl] synUtils::sendTool -active {_icl_createSharedMemory /tmp/vcs_dve_general.yiuchunt.12186}
18:48:37    75 --> ...  [tcl] config endofsim noexit
18:48:37    76 --> ...      [tcl] config onfail enable all
18:48:37    77 --> ...          [tcl] config syscaddplainmembers
18:48:37    78 --> ...              [tcl] config syscaddsourcenames
18:48:37    79 --> ...                  [tcl] config syscaddstructtypes
18:48:37    80 --> ...                      [tcl] synopsys::listing -disable
18:48:37    81 --> ...                          [tcl] # Begin_DVE_Session_Save_Info
18:48:37    82 --> ...                              [tcl] # DVE restart session
18:48:37    83 --> ...                                  [tcl] # Saved on Sun Sep 10 18:48:34 2023
18:48:37    84 --> ...                                      [tcl] # Designs open: 1
18:48:37    85 --> ...                                          [tcl] #   Sim: /afs/andrew.cmu.edu/usr16/yiuchunt/private/18-341/hw1/simv
18:48:37    86 --> ...                                              [tcl] # Toplevel windows open: 2
18:48:37    87 --> ...                                                  [tcl] # 	TopLevel.1
18:48:37    88 --> ...                                                      [tcl] # 	TopLevel.2
18:48:37    89 --> ...                                                          [tcl] #   Source.1: hw1
18:48:37    90 --> ...                                                              [tcl] #   Wave.1: 5 signals
18:48:37    91 --> ...                                                                  [tcl] #   Group count = 1
18:48:37    92 --> ...                                                                      [tcl] #   Group hw1 signal count = 5
18:48:37    93 --> ...                                                                          [tcl] # End_DVE_Session_Save_Info
18:48:37    94 --> ...                                                                              [tcl] # DVE version: T-2022.06_Full64
18:48:37    95 --> ...                                                                                  [tcl] # DVE build date: May 31 2022 20:53:03
18:48:37    96 --> ...                                                                                      [tcl] #<Session mode="Restart" path=".restartSimSession.tcl" type="Debug">
18:48:37    97 --> ...                                                                                          [tcl] gui_set_loading_session_type Restart
18:48:37    98 --> ...                                                                                              [tcl] gui_continuetime_set
18:48:37    99 --> ...                                                                                                  [tcl] gui_clear_window -type Wave
18:48:37    100 --> ...  [tcl] gui_clear_window -type List
18:48:37    101 --> ...      [tcl] # Application preferences
18:48:37    102 --> ...          [tcl] gui_set_pref_value -key app_default_font -value {Helvetica,10,-1,5,50,0,0,0,0,0}
18:48:37    103 --> ...              [tcl] gui_src_preferences -tabstop 8 -maxbits 24 -windownumber 1
18:48:37    104 --> ...                  [tcl] #<WindowLayout>
18:48:37    105 --> ...                      [tcl] # DVE top-level session
18:48:37    106 --> ...                          [tcl] # Create and position top-level window: TopLevel.1
18:48:37    107 --> ...                              [tcl] set TopLevel.1 TopLevel.1
18:48:37    108 --> ...                                  [tcl] # Docked window settings
18:48:37    109 --> ...                                      [tcl] set HSPane.1 HSPane.1
18:48:37    110 --> ...                                          [tcl] set Hier.1 Hier.1
18:48:37    111 --> ...                                              [tcl] set DLPane.1 DLPane.1
18:48:37    112 --> ...                                                  [tcl] set Data.1 Data.1
18:48:37    113 --> ...                                                      [tcl] set Console.1 Console.1
18:48:37    114 --> ...                                                          [tcl] gui_sync_global -id ${TopLevel.1} -option true
18:48:37    115 --> ...                                                              [tcl] # MDI window settings
18:48:37    116 --> ...                                                                  [tcl] set Source.1 Source.1
18:48:37    117 --> ...                                                                      [tcl] gui_update_layout -id ${Source.1} {{show_state maximized} {dock_state undocked} {dock_on_new_line false}}
18:48:37    118 --> ...                                                                          [tcl] # End MDI window settings
18:48:37    119 --> ...                                                                              [tcl] # Create and position top-level window: TopLevel.2
18:48:37    120 --> ...                                                                                  [tcl] set TopLevel.2 TopLevel.2
18:48:37    121 --> ...                                                                                      [tcl] # Docked window settings
18:48:37    122 --> ...                                                                                          [tcl] gui_sync_global -id ${TopLevel.2} -option true
18:48:37    123 --> ...                                                                                              [tcl] # MDI window settings
18:48:37    124 --> ...                                                                                                  [tcl] set Wave.1 Wave.1
18:48:37    125 --> ...  [tcl] gui_update_layout -id ${Wave.1} {{show_state maximized} {dock_state undocked} {dock_on_new_line false} {child_wave_left 500} {child_wave_right 1220} {child_wave_colname 248} {child_wave_colvalue 248} {child_wave_col1 0} {child_wave_col2 1}}
18:48:37    126 --> ...      [tcl] # End MDI window settings
18:48:37    127 --> ...          [tcl] #</WindowLayout>
18:48:37    128 --> ...              [tcl] #<Database>
18:48:37    129 --> ...                  [tcl] gui_set_precision 1s
18:48:37    130 --> ...                      [tcl] gui_set_time_units 1s
18:48:37    131 --> ...                          [tcl] #</Database>
18:48:37    132 --> ...                              [tcl] # DVE Global setting session:
18:48:37    133 --> ...                                  [tcl] # Global: Breakpoints
18:48:37    134 --> ...                                      [tcl] # Global: Bus
18:48:37    135 --> ...                                          [tcl] # Global: Expressions
18:48:37    136 --> ...                                              [tcl] # Global: Signal Time Shift
18:48:37    137 --> ...                                                  [tcl] # Global: Signal Compare
18:48:37    138 --> ...                                                      [tcl] # Global: Signal Groups
18:48:37    139 --> ...                                                          [tcl] gui_load_child_values {hw1}
18:48:37    140 --> ...                                                              [tcl] synopsys::dump -add {hw1} -scope "." -depth 1 -fid VPD1
18:48:37    141 --> ...                                                                  [tcl] set _session_group_1 hw1
18:48:37    142 --> ...                                                                      [tcl] gui_sg_create "$_session_group_1"
18:48:37    143 --> ...                                                                          [tcl] set hw1 "$_session_group_1"
18:48:37    144 --> ...                                                                              [tcl] gui_sg_addsignal -group "$_session_group_1" { hw1.a hw1.b hw1.c hw1.d hw1.e }
18:48:37    145 --> ...                                                                                  [tcl] # Global: Highlighting
18:48:37    146 --> ...                                                                                      [tcl] # Global: Stack
18:48:37    147 --> ...                                                                                          [tcl] gui_change_stack_mode -mode list
18:48:37    148 --> ...                                                                                              [tcl] synopsys::xml {set_only_active_frame <data value="1" />}
18:48:37    149 --> ...                                                                                                  [tcl] # Post database loading setting...
18:48:37    150 --> ...  [tcl] # Save global setting...
18:48:37    151 --> ...      [tcl] # Wave/List view global setting
18:48:37    152 --> ...          [tcl] gui_cov_show_value -switch false
18:48:37    153 --> ...              [tcl] # Close all empty TopLevel windows
18:48:37    154 --> ...                  [tcl] foreach __top [gui_ekki_get_window_ids -type TopLevel] {     if { [llength [gui_ekki_get_window_ids -parent $__top]] == 0} {         gui_close_window -window $__top     } }
18:48:37    155 --> ...                      [tcl] gui_set_loading_session_type noSession
18:48:37    156 --> ...                          [tcl] # DVE View/pane content session:
18:48:37    157 --> ...                              [tcl] # Hier 'Hier.1'
18:48:37    158 --> ...                                  [tcl] gui_show_window -window ${Hier.1}
18:48:37    159 --> ...                                      [tcl] gui_list_set_filter -id ${Hier.1} -list { {Package 1} {All 0} {Process 1} {VirtPowSwitch 0} {UnnamedProcess 1} {UDP 0} {Function 1} {Block 1} {SrsnAndSpaCell 0} {OVA Unit 1} {LeafScCell 1} {LeafVlgCell 1} {Interface 1} {LeafVhdCell 1} {$unit 1} {NamedBlock 1} {Task 1} {VlgPackage 1} {ClassDef 1} {VirtIsoCell 0} }
18:48:37    160 --> ...                                          [tcl] gui_list_set_filter -id ${Hier.1} -text {*}
18:48:37    161 --> ...                                              [tcl] gui_change_design -id ${Hier.1} -design Sim
18:48:37    162 --> ...                                                  [tcl] catch {gui_list_select -id ${Hier.1} {hw1}}
18:48:37    163 --> ...                                                      [tcl] dveMisc::vbusExpand hw1
18:48:37    164 --> ...                                                          [tcl] gui_view_scroll -id ${Hier.1} -vertical -set 0
18:48:37    165 --> ...                                                              [tcl] gui_view_scroll -id ${Hier.1} -horizontal -set 0
18:48:37    166 --> ...                                                                  [tcl] # Data 'Data.1'
18:48:37    167 --> ...                                                                      [tcl] gui_list_set_filter -id ${Data.1} -list { {Buffer 1} {Input 1} {Others 1} {Linkage 1} {Output 1} {LowPower 1} {Parameter 1} {All 1} {Aggregate 1} {LibBaseMember 1} {Event 1} {Assertion 1} {Constant 1} {Interface 1} {BaseMembers 1} {Signal 1} {$unit 1} {Inout 1} {Variable 1} }
18:48:37    168 --> ...                                                                          [tcl] gui_list_set_filter -id ${Data.1} -text {*}
18:48:37    169 --> ...                                                                              [tcl] gui_list_show_data -id ${Data.1} {hw1}
18:48:37    170 --> ...                                                                                  [tcl] gui_view_scroll -id ${Data.1} -vertical -set 0
18:48:37    171 --> ...                                                                                      [tcl] gui_view_scroll -id ${Data.1} -horizontal -set 0
18:48:37    172 --> ...                                                                                          [tcl] gui_view_scroll -id ${Hier.1} -vertical -set 0
18:48:37    173 --> ...                                                                                              [tcl] gui_view_scroll -id ${Hier.1} -horizontal -set 0
18:48:37    174 --> ...                                                                                                  [tcl] # Source 'Source.1'
18:48:37    175 --> ...  [tcl] gui_src_value_annotate -id ${Source.1} -switch false
18:48:37    176 --> ...      [tcl] gui_set_env TOGGLE::VALUEANNOTATE 0
18:48:37    177 --> ...          [tcl] gui_open_source -id ${Source.1}  -replace -active hw1 /afs/andrew.cmu.edu/usr16/yiuchunt/private/18-341/hw1/hw1.sv
18:48:38    178 --> ...              [tcl] gui_view_scroll -id ${Source.1} -vertical -set 0
18:48:38    179 --> ...                  [tcl] gui_src_set_reusable -id ${Source.1}
18:48:38    180 --> ...                      [tcl] # View 'Wave.1'
18:48:38    181 --> ...                          [tcl] gui_wv_sync -id ${Wave.1} -switch false
18:48:38    182 --> ...                              [tcl] set groupExD [gui_get_pref_value -category Wave -key exclusiveSG]
18:48:38    183 --> ...                                  [tcl] gui_set_pref_value -category Wave -key exclusiveSG -value {false}
18:48:38    184 --> ...                                      [tcl] set origWaveHeight [gui_get_pref_value -category Wave -key waveRowHeight]
18:48:38    185 --> ...                                          [tcl] gui_list_set_height -id Wave -height 25
18:48:38    186 --> ...                                              [tcl] set origGroupCreationState [gui_list_create_group_when_add -wave]
18:48:38    187 --> ...                                                  [tcl] gui_list_create_group_when_add -wave -disable
18:48:38    188 --> ...                                                      [tcl] gui_wv_zoom_timerange -id ${Wave.1} 0 3
18:48:38    189 --> ...                                                          [tcl] gui_list_add_group -id ${Wave.1} -after {New Group} {hw1}
18:48:38    190 --> ...                                                              [tcl] gui_seek_criteria -id ${Wave.1} {Any Edge}
18:48:38    191 --> ...                                                                  [tcl] gui_set_env TOGGLE::DEFAULT_WAVE_WINDOW ${Wave.1}
18:48:38    192 --> ...                                                                      [tcl] gui_set_pref_value -category Wave -key exclusiveSG -value $groupExD
18:48:38    193 --> ...                                                                          [tcl] gui_list_set_height -id Wave -height $origWaveHeight
18:48:38    194 --> ...                                                                              [tcl] if {$origGroupCreationState} { 	gui_list_create_group_when_add -wave -enable }
18:48:38    195 --> ...                                                                                  [tcl] if { $groupExD } {  gui_msg_report -code DVWW028 }
18:48:38    196 --> ...                                                                                      [tcl] gui_list_set_filter -id ${Wave.1} -list { {Buffer 1} {Input 1} {Others 1} {Linkage 1} {Output 1} {Parameter 1} {All 1} {Aggregate 1} {LibBaseMember 1} {Event 1} {Assertion 1} {Constant 1} {Interface 1} {BaseMembers 1} {Signal 1} {$unit 1} {Inout 1} {Variable 1} }
18:48:38    197 --> ...                                                                                          [tcl] gui_list_set_filter -id ${Wave.1} -text {*}
18:48:38    198 --> ...                                                                                              [tcl] gui_list_set_insertion_bar  -id ${Wave.1} -group hw1  -position in
18:48:38    199 --> ...                                                                                                  [tcl] gui_view_scroll -id ${Wave.1} -vertical -set 0
18:48:38    200 --> ...  [tcl] gui_show_grid -id ${Wave.1} -enable false
18:48:38    201 --> ...      [tcl] # Restore toplevel window zorder
18:48:38    202 --> ...          [tcl] # The toplevel window could be closed if it has no view/pane
18:48:38    203 --> ...              [tcl] if {[gui_exist_window -window ${TopLevel.1}]} { 	gui_set_active_window -window ${TopLevel.1} 	gui_set_active_window -window ${Source.1} 	gui_set_active_window -window ${HSPane.1} }
18:48:38    204 --> ...                  [tcl] if {[gui_exist_window -window ${TopLevel.2}]} { 	gui_set_active_window -window ${TopLevel.2} 	gui_set_active_window -window ${Wave.1} }
18:48:38    205 --> ...                      [tcl] #</Session>
18:48:39    206 --> ...                          [tcl] synopsys::run
18:48:39    207 --> ...                              [tcl] set ucliGUI::state
18:48:39    208 --> ...                                  [tcl] gui_update_simulator_buttons
18:48:39    209 --> ...                                      [tcl] set ucliGUI::state
18:48:39    210 --> ...                                          [tcl] set ucliGUI::state
18:48:39    211 --> ...                                              [tcl] set ucliGUI::state
18:48:39    212 --> ...                                                  [tcl] catch {senv activeDomain} dveMisc::result 
18:48:39    213 --> ...                                                      [tcl] set dveMisc::result
18:48:39    214 --> ...                                                          [tcl] gui_update_simulator_buttons
