00:30:51    690 --> ...                                                              [tcl] ucliGUI::start /afs/andrew.cmu.edu/usr16/yiuchunt/private/18-341/hw3/simv -ucligui 
00:30:51    691 --> ...                                                                  [tcl] set ucliGUI::state
00:30:51    692 --> ...                                                                      [tcl] gui_update_simulator_buttons
00:30:53    693 --> ...                                                                          [tcl] set ucliGUI::state
00:30:53    694 --> ...                                                                              [tcl] ucliCore::getToolPID
00:30:53    695 --> ...                                                                                  [tcl] synopsys::env hasTB
00:30:53    696 --> ...                                                                                      [tcl] trigger_hier_stack_context_switch 0
00:30:53    697 --> ...                                                                                          [tcl] synopsys::xml set_array_limit <data limit="50" />
00:30:53    698 --> ...                                                                                              [tcl] synopsys::xml set_depth_limit <data limit="100" />
00:30:53    699 --> ...                                                                                                  [tcl] synopsys::xml set_string_limit <data limit="1000" />
00:30:53    700 --> ...  [tcl] synopsys::xml set_only_active_frame <data value="1" />
00:30:53    701 --> ...      [tcl] synopsys::xml set_variable_frame_id <data value="1" />
00:30:53    702 --> ...          [tcl] synUtils::setDVEInitPhase 1
00:30:53    703 --> ...              [tcl] gui_get_env SIMSETUP::SIMVPD
00:30:53    704 --> ...                  [tcl] synopsys::dump -type VPD -file /afs/andrew.cmu.edu/usr16/yiuchunt/private/18-341/hw3/inter.vpd -locking
00:30:53    705 --> ...                      [tcl] synopsys::dump -autoflush on -fid VPD4
00:30:53    706 --> ...                          [tcl] set ::dve_fid VPD4
00:30:53    707 --> ...                              [tcl] synUtils::setDVEInitPhase 0
00:30:53    708 --> ...                                  [tcl] ucliCore::getToolPID
00:30:53    709 --> ...                                      [tcl] synUtils::sendTool -active _icl_setToolSocket /tmp/smlnpSaEiqb
00:30:53    710 --> ...                                          [tcl] synUtils::sendTool -active {_icl_start_rpc -version "T-2022.06_Full64" -sync_file /tmp/vcs_dve_rpc.yiuchunt.899}
00:30:53    711 --> ...                                              [tcl] synUtils::sendTool -active {_icl_createSharedMemory /tmp/vcs_dve_general.yiuchunt.899}
00:30:53    712 --> ...                                                  [tcl] config endofsim noexit
00:30:53    713 --> ...                                                      [tcl] config onfail enable all
00:30:53    714 --> ...                                                          [tcl] config syscaddplainmembers
00:30:53    715 --> ...                                                              [tcl] config syscaddsourcenames
00:30:53    716 --> ...                                                                  [tcl] config syscaddstructtypes
00:30:53    717 --> ...                                                                      [tcl] synopsys::listing -disable
00:30:54    718 --> ...                                                                          [tcl] # Begin_DVE_Session_Save_Info
00:30:54    719 --> ...                                                                              [tcl] # DVE restart session
00:30:54    720 --> ...                                                                                  [tcl] # Saved on Tue Oct 10 00:30:51 2023
00:30:54    721 --> ...                                                                                      [tcl] # Designs open: 1
00:30:54    722 --> ...                                                                                          [tcl] #   Sim: /afs/andrew.cmu.edu/usr16/yiuchunt/private/18-341/hw3/simv
00:30:54    723 --> ...                                                                                              [tcl] # Toplevel windows open: 2
00:30:54    724 --> ...                                                                                                  [tcl] # 	TopLevel.1
00:30:54    725 --> ...  [tcl] # 	TopLevel.2
00:30:54    726 --> ...      [tcl] #   Source.1: TB
00:30:54    727 --> ...          [tcl] #   Wave.1: 8 signals
00:30:54    728 --> ...              [tcl] #   Group count = 2
00:30:54    729 --> ...                  [tcl] #   Group TB signal count = 8
00:30:54    730 --> ...                      [tcl] #   Group TB_1 signal count = 8
00:30:54    731 --> ...                          [tcl] # End_DVE_Session_Save_Info
00:30:54    732 --> ...                              [tcl] # DVE version: T-2022.06_Full64
00:30:54    733 --> ...                                  [tcl] # DVE build date: May 31 2022 20:53:03
00:30:54    734 --> ...                                      [tcl] #<Session mode="Restart" path=".restartSimSession.tcl" type="Debug">
00:30:54    735 --> ...                                          [tcl] gui_set_loading_session_type Restart
00:30:54    736 --> ...                                              [tcl] gui_continuetime_set
00:30:54    737 --> ...                                                  [tcl] gui_clear_window -type Wave
00:30:54    738 --> ...                                                      [tcl] gui_clear_window -type List
00:30:54    739 --> ...                                                          [tcl] # Application preferences
00:30:54    740 --> ...                                                              [tcl] gui_set_pref_value -key app_default_font -value {Helvetica,10,-1,5,50,0,0,0,0,0}
00:30:54    741 --> ...                                                                  [tcl] gui_src_preferences -tabstop 8 -maxbits 24 -windownumber 1
00:30:54    742 --> ...                                                                      [tcl] #<WindowLayout>
00:30:54    743 --> ...                                                                          [tcl] # DVE top-level session
00:30:54    744 --> ...                                                                              [tcl] # Create and position top-level window: TopLevel.1
00:30:54    745 --> ...                                                                                  [tcl] set TopLevel.1 TopLevel.1
00:30:54    746 --> ...                                                                                      [tcl] # Docked window settings
00:30:54    747 --> ...                                                                                          [tcl] set HSPane.1 HSPane.1
00:30:54    748 --> ...                                                                                              [tcl] set Hier.1 Hier.1
00:30:54    749 --> ...                                                                                                  [tcl] set Stack.1 Stack.1
00:30:54    750 --> ...  [tcl] set Class.1 Class.1
00:30:54    751 --> ...      [tcl] set Object.1 Object.1
00:30:54    752 --> ...          [tcl] set DLPane.1 DLPane.1
00:30:54    753 --> ...              [tcl] set Data.1 Data.1
00:30:54    754 --> ...                  [tcl] set Local.1 Local.1
00:30:54    755 --> ...                      [tcl] set Member.1 Member.1
00:30:54    756 --> ...                          [tcl] set Console.1 Console.1
00:30:54    757 --> ...                              [tcl] gui_sync_global -id ${TopLevel.1} -option true
00:30:54    758 --> ...                                  [tcl] # MDI window settings
00:30:54    759 --> ...                                      [tcl] set Source.1 Source.1
00:30:54    760 --> ...                                          [tcl] gui_update_layout -id ${Source.1} {{show_state maximized} {dock_state undocked} {dock_on_new_line false}}
00:30:54    761 --> ...                                              [tcl] # End MDI window settings
00:30:54    762 --> ...                                                  [tcl] # Create and position top-level window: TopLevel.2
00:30:54    763 --> ...                                                      [tcl] set TopLevel.2 TopLevel.2
00:30:54    764 --> ...                                                          [tcl] # Docked window settings
00:30:54    765 --> ...                                                              [tcl] gui_sync_global -id ${TopLevel.2} -option true
00:30:54    766 --> ...                                                                  [tcl] # MDI window settings
00:30:54    767 --> ...                                                                      [tcl] set Wave.1 Wave.1
00:30:54    768 --> ...                                                                          [tcl] gui_update_layout -id ${Wave.1} {{show_state maximized} {dock_state undocked} {dock_on_new_line false} {child_wave_left 451} {child_wave_right 1099} {child_wave_colname 223} {child_wave_colvalue 224} {child_wave_col1 0} {child_wave_col2 1}}
00:30:54    769 --> ...                                                                              [tcl] # End MDI window settings
00:30:54    770 --> ...                                                                                  [tcl] #</WindowLayout>
00:30:54    771 --> ...                                                                                      [tcl] #<Database>
00:30:54    772 --> ...                                                                                          [tcl] gui_set_precision 1s
00:30:54    773 --> ...                                                                                              [tcl] gui_set_time_units 1s
00:30:54    774 --> ...                                                                                                  [tcl] #</Database>
00:30:54    775 --> ...  [tcl] # DVE Global setting session:
00:30:54    776 --> ...      [tcl] # Global: Breakpoints
00:30:54    777 --> ...          [tcl] # Global: Bus
00:30:54    778 --> ...              [tcl] # Global: Expressions
00:30:54    779 --> ...                  [tcl] # Global: Signal Time Shift
00:30:54    780 --> ...                      [tcl] # Global: Signal Compare
00:30:54    781 --> ...                          [tcl] # Global: Signal Groups
00:30:54    782 --> ...                              [tcl] gui_load_child_values {TB}
00:30:54    783 --> ...                                  [tcl] synopsys::dump -add {TB} -scope "." -depth 1 -fid VPD4
00:30:54    784 --> ...                                      [tcl] set _session_group_5 TB
00:30:54    785 --> ...                                          [tcl] gui_sg_create "$_session_group_5"
00:30:54    786 --> ...                                              [tcl] set TB "$_session_group_5"
00:30:54    787 --> ...                                                  [tcl] gui_sg_addsignal -group "$_session_group_5" { TB.error TB.sum TB.clock TB.in TB.checkSum TB.resetN TB.done TB.TBerrorSelect }
00:30:54    788 --> ...                                                      [tcl] set _session_group_6 TB_1
00:30:54    789 --> ...                                                          [tcl] gui_sg_create "$_session_group_6"
00:30:54    790 --> ...                                                              [tcl] set TB_1 "$_session_group_6"
00:30:54    791 --> ...                                                                  [tcl] gui_sg_addsignal -group "$_session_group_6" { TB.error TB.sum TB.clock TB.in TB.checkSum TB.resetN TB.done TB.TBerrorSelect }
00:30:54    792 --> ...                                                                      [tcl] # Global: Highlighting
00:30:54    793 --> ...                                                                          [tcl] # Global: Stack
00:30:54    794 --> ...                                                                              [tcl] gui_change_stack_mode -mode list
00:30:54    795 --> ...                                                                                  [tcl] # Post database loading setting...
00:30:54    796 --> ...                                                                                      [tcl] # Save global setting...
00:30:54    797 --> ...                                                                                          [tcl] # Wave/List view global setting
00:30:54    798 --> ...                                                                                              [tcl] gui_cov_show_value -switch false
00:30:54    799 --> ...                                                                                                  [tcl] # Close all empty TopLevel windows
00:30:54    800 --> ...  [tcl] foreach __top [gui_ekki_get_window_ids -type TopLevel] {     if { [llength [gui_ekki_get_window_ids -parent $__top]] == 0} {         gui_close_window -window $__top     } }
00:30:54    801 --> ...      [tcl] gui_set_loading_session_type noSession
00:30:54    802 --> ...          [tcl] # DVE View/pane content session:
00:30:54    803 --> ...              [tcl] # Hier 'Hier.1'
00:30:54    804 --> ...                  [tcl] gui_show_window -window ${Hier.1}
00:30:54    805 --> ...                      [tcl] gui_list_set_filter -id ${Hier.1} -list { {Package 1} {All 0} {Process 1} {VirtPowSwitch 0} {UnnamedProcess 1} {UDP 0} {Function 1} {Block 1} {SrsnAndSpaCell 0} {OVA Unit 1} {LeafScCell 1} {LeafVlgCell 1} {Interface 1} {LeafVhdCell 1} {$unit 1} {NamedBlock 1} {Task 1} {VlgPackage 1} {ClassDef 1} {VirtIsoCell 0} }
00:30:54    806 --> ...                          [tcl] gui_list_set_filter -id ${Hier.1} -text {*}
00:30:54    807 --> ...                              [tcl] gui_change_design -id ${Hier.1} -design Sim
00:30:54    808 --> ...                                  [tcl] catch {gui_list_select -id ${Hier.1} {TB}}
00:30:54    809 --> ...                                      [tcl] dveMisc::vbusExpand TB
00:30:54    810 --> ...                                          [tcl] gui_view_scroll -id ${Hier.1} -vertical -set 0
00:30:54    811 --> ...                                              [tcl] gui_view_scroll -id ${Hier.1} -horizontal -set 0
00:30:54    812 --> ...                                                  [tcl] # Class 'Class.1'
00:30:54    813 --> ...                                                      [tcl] gui_list_set_filter -id ${Class.1} -list { {OVM 1} {VMM 1} {All 1} {Object 1} {UVM 1} {RVM 1} }
00:30:54    814 --> ...                                                          [tcl] gui_list_set_filter -id ${Class.1} -text {*}
00:30:54    815 --> ...                                                              [tcl] gui_change_design -id ${Class.1} -design Sim
00:30:54    816 --> ...                                                                  [tcl] # Member 'Member.1'
00:30:54    817 --> ...                                                                      [tcl] gui_list_set_filter -id ${Member.1} -list { {InternalMember 0} {RandMember 1} {All 0} {BaseMember 0} {PrivateMember 1} {LibBaseMember 0} {AutomaticMember 1} {VirtualMember 1} {PublicMember 1} {ProtectedMember 1} {OverRiddenMember 0} {InterfaceClassMember 1} {StaticMember 1} }
00:30:54    818 --> ...                                                                          [tcl] gui_list_set_filter -id ${Member.1} -text {*}
00:30:54    819 --> ...                                                                              [tcl] # Data 'Data.1'
00:30:54    820 --> ...                                                                                  [tcl] gui_list_set_filter -id ${Data.1} -list { {Buffer 1} {Input 1} {Others 1} {Linkage 1} {Output 1} {LowPower 1} {Parameter 1} {All 1} {Aggregate 1} {LibBaseMember 1} {Event 1} {Assertion 1} {Constant 1} {Interface 1} {BaseMembers 1} {Signal 1} {$unit 1} {Inout 1} {Variable 1} }
00:30:54    821 --> ...                                                                                      [tcl] gui_list_set_filter -id ${Data.1} -text {*}
00:30:54    822 --> ...                                                                                          [tcl] gui_list_show_data -id ${Data.1} {TB}
00:30:54    823 --> ...                                                                                              [tcl] gui_view_scroll -id ${Data.1} -vertical -set 0
00:30:54    824 --> ...                                                                                                  [tcl] gui_view_scroll -id ${Data.1} -horizontal -set 0
00:30:54    825 --> ...  [tcl] gui_view_scroll -id ${Hier.1} -vertical -set 0
00:30:54    826 --> ...      [tcl] gui_view_scroll -id ${Hier.1} -horizontal -set 0
00:30:54    827 --> ...          [tcl] # Source 'Source.1'
00:30:54    828 --> ...              [tcl] gui_src_value_annotate -id ${Source.1} -switch false
00:30:54    829 --> ...                  [tcl] gui_set_env TOGGLE::VALUEANNOTATE 0
00:30:54    830 --> ...                      [tcl] gui_open_source -id ${Source.1}  -replace -active TB /afs/andrew.cmu.edu/usr16/yiuchunt/private/18-341/hw3/hw3.sv
00:30:54    831 --> ...                          [tcl] gui_view_scroll -id ${Source.1} -vertical -set 0
00:30:54    832 --> ...                              [tcl] gui_src_set_reusable -id ${Source.1}
00:30:54    833 --> ...                                  [tcl] # Warning: Class view not found.
00:30:54    834 --> ...                                      [tcl] # View 'Wave.1'
00:30:54    835 --> ...                                          [tcl] gui_wv_sync -id ${Wave.1} -switch false
00:30:54    836 --> ...                                              [tcl] set groupExD [gui_get_pref_value -category Wave -key exclusiveSG]
00:30:54    837 --> ...                                                  [tcl] gui_set_pref_value -category Wave -key exclusiveSG -value {false}
00:30:54    838 --> ...                                                      [tcl] set origWaveHeight [gui_get_pref_value -category Wave -key waveRowHeight]
00:30:54    839 --> ...                                                          [tcl] gui_list_set_height -id Wave -height 25
00:30:54    840 --> ...                                                              [tcl] set origGroupCreationState [gui_list_create_group_when_add -wave]
00:30:54    841 --> ...                                                                  [tcl] gui_list_create_group_when_add -wave -disable
00:30:54    842 --> ...                                                                      [tcl] gui_wv_zoom_timerange -id ${Wave.1} 2377 2459
00:30:54    843 --> ...                                                                          [tcl] gui_list_add_group -id ${Wave.1} -after {New Group} {TB_1}
00:30:54    844 --> ...                                                                              [tcl] gui_seek_criteria -id ${Wave.1} {Any Edge}
00:30:54    845 --> ...                                                                                  [tcl] gui_set_env TOGGLE::DEFAULT_WAVE_WINDOW ${Wave.1}
00:30:54    846 --> ...                                                                                      [tcl] gui_set_pref_value -category Wave -key exclusiveSG -value $groupExD
00:30:54    847 --> ...                                                                                          [tcl] gui_list_set_height -id Wave -height $origWaveHeight
00:30:54    848 --> ...                                                                                              [tcl] if {$origGroupCreationState} { 	gui_list_create_group_when_add -wave -enable }
00:30:54    849 --> ...                                                                                                  [tcl] if { $groupExD } {  gui_msg_report -code DVWW028 }
00:30:54    850 --> ...  [tcl] gui_list_set_filter -id ${Wave.1} -list { {Buffer 1} {Input 1} {Others 1} {Linkage 1} {Output 1} {Parameter 1} {All 1} {Aggregate 1} {LibBaseMember 1} {Event 1} {Assertion 1} {Constant 1} {Interface 1} {BaseMembers 1} {Signal 1} {$unit 1} {Inout 1} {Variable 1} }
00:30:54    851 --> ...      [tcl] gui_list_set_filter -id ${Wave.1} -text {*}
00:30:54    852 --> ...          [tcl] gui_list_set_insertion_bar  -id ${Wave.1} -group TB_1  -position in
00:30:54    853 --> ...              [tcl] gui_view_scroll -id ${Wave.1} -vertical -set 0
00:30:54    854 --> ...                  [tcl] gui_show_grid -id ${Wave.1} -enable false
00:30:54    855 --> ...                      [tcl] # Restore toplevel window zorder
00:30:54    856 --> ...                          [tcl] # The toplevel window could be closed if it has no view/pane
00:30:54    857 --> ...                              [tcl] if {[gui_exist_window -window ${TopLevel.1}]} { 	gui_set_active_window -window ${TopLevel.1} 	gui_set_active_window -window ${Source.1} 	gui_set_active_window -window ${HSPane.1} }
00:30:54    858 --> ...                                  [tcl] if {[gui_exist_window -window ${TopLevel.2}]} { 	gui_set_active_window -window ${TopLevel.2} 	gui_set_active_window -window ${Wave.1} }
00:30:54    859 --> ...                                      [tcl] #</Session>
00:32:00    860 --> ...                                          [tcl] synopsys::run
00:32:00    861 --> ...                                              [tcl] set ucliGUI::state
00:32:00    862 --> ...                                                  [tcl] gui_update_simulator_buttons
00:32:01    863 --> ...                                                      [tcl] set ucliGUI::state
00:32:01    864 --> ...                                                          [tcl] gui_update_simulator_buttons
00:32:01    865 --> ...                                                              [tcl] set ucliGUI::state
00:32:01    866 --> ...                                                                  [tcl] set ucliGUI::state
00:32:01    867 --> ...                                                                      [tcl] catch {senv activeDomain} dveMisc::result 
00:32:01    868 --> ...                                                                          [tcl] set dveMisc::result
00:32:01    869 --> ...                                                                              [tcl] gui_update_simulator_buttons
