14:09:27    16 -->                                                             [tcl] ucliGUI::connect -toolargs -ucligui -toolexe ./simv -pid 9244 -toolin /tmp/vcs_20230831180918_9195_yiuchunt..stdin -toolout /tmp/vcs_20230831180918_9195_yiuchunt..stdout  
14:09:27    17 -->                                                                 [tcl] set ucliGUI::state
14:09:27    18 -->                                                                     [tcl] gui_update_simulator_buttons
14:09:29    19 -->                                                                         [tcl] set ucliGUI::state
14:09:29    20 -->                                                                             [tcl] ucliCore::getToolPID
14:09:29    21 -->                                                                                 [tcl] synopsys::env hasTB
14:09:29    22 -->                                                                                     [tcl] trigger_hier_stack_context_switch 0
14:09:29    23 -->                                                                                         [tcl] synUtils::setDVEInitPhase 1
14:09:29    24 -->                                                                                             [tcl] gui_get_env SIMSETUP::SIMVPD
14:09:29    25 --> ...  [tcl] synopsys::dump -type VPD -file /afs/andrew.cmu.edu/usr16/yiuchunt/private/18-341/hw0/inter.vpd -locking
14:09:29    26 --> ...      [tcl] synopsys::dump -autoflush on -fid VPD0
14:09:29    27 --> ...          [tcl] set ::dve_fid VPD0
14:09:29    28 --> ...              [tcl] synUtils::setDVEInitPhase 0
14:09:29    29 --> ...                  [tcl] ucliCore::getToolPID
14:09:29    30 --> ...                      [tcl] synUtils::sendTool -active _icl_setToolSocket /tmp/smlnpUyhccQ
14:09:29    31 --> ...                          [tcl] synUtils::sendTool -active {_icl_start_rpc -version "T-2022.06_Full64" -sync_file /tmp/vcs_dve_rpc.yiuchunt.9244}
14:09:29    32 --> ...                              [tcl] synUtils::sendTool -active {_icl_createSharedMemory /tmp/vcs_dve_general.yiuchunt.9244}
14:09:30    33 --> ...                                  [tcl] dveMisc::vbusExpand testBench
14:09:30    34 --> ...                                      [tcl] config endofsim noexit
14:09:30    35 --> ...                                          [tcl] config onfail enable all
14:09:30    36 --> ...                                              [tcl] config syscaddplainmembers
14:09:30    37 --> ...                                                  [tcl] config syscaddsourcenames
14:09:30    38 --> ...                                                      [tcl] config syscaddstructtypes
14:09:30    39 --> ...                                                          [tcl] synopsys::listing -disable
14:09:44    40 --> ...                                                              [tcl] synopsys::dump -add {testBench} -scope "." -depth 1 -fid VPD0
14:09:46    41 --> ...                                                                  [tcl] synopsys::run
14:09:46    42 --> ...                                                                      [tcl] set ucliGUI::state
14:09:46    43 --> ...                                                                          [tcl] gui_update_simulator_buttons
14:09:46    44 --> ...                                                                              [tcl] set ucliGUI::state
14:09:46    45 --> ...                                                                                  [tcl] set ucliGUI::state
14:09:46    46 --> ...                                                                                      [tcl] set ucliGUI::state
14:09:46    47 --> ...                                                                                          [tcl] catch {senv activeDomain} dveMisc::result 
14:09:46    48 --> ...                                                                                              [tcl] set dveMisc::result
14:09:46    49 --> ...                                                                                                  [tcl] gui_update_simulator_buttons
